Generated at Mon Sep 16 14:28:55 +0000 2013
SyntaxError: compile error
/home/vagrant/chef/cookbooks/crondemo/recipes/remove.rb:5: unterminated string meets end of file
/home/vagrant/chef/cookbooks/crondemo/recipes/remove.rb:5: syntax error, unexpected $end, expecting kEND
/home/vagrant/chef/cookbooks/crondemo/recipes/remove.rb:5:in `from_file'
/var/lib/gems/1.8/gems/chef-11.6.0/bin/../lib/chef/cookbook_version.rb:237:in `load_recipe'
/var/lib/gems/1.8/gems/chef-11.6.0/bin/../lib/chef/run_context.rb:151:in `load_recipe'
/var/lib/gems/1.8/gems/chef-11.6.0/bin/../lib/chef/run_context/cookbook_compiler.rb:139:in `compile_recipes'
/var/lib/gems/1.8/gems/chef-11.6.0/bin/../lib/chef/run_context/cookbook_compiler.rb:137:in `each'
/var/lib/gems/1.8/gems/chef-11.6.0/bin/../lib/chef/run_context/cookbook_compiler.rb:137:in `compile_recipes'
/var/lib/gems/1.8/gems/chef-11.6.0/bin/../lib/chef/run_context/cookbook_compiler.rb:74:in `compile'
/var/lib/gems/1.8/gems/chef-11.6.0/bin/../lib/chef/run_context.rb:86:in `load'
/var/lib/gems/1.8/gems/chef-11.6.0/bin/../lib/chef/client.rb:249:in `setup_run_context'
/var/lib/gems/1.8/gems/chef-11.6.0/bin/../lib/chef/client.rb:492:in `do_run'
/var/lib/gems/1.8/gems/chef-11.6.0/bin/../lib/chef/client.rb:199:in `run'
/var/lib/gems/1.8/gems/chef-11.6.0/bin/../lib/chef/client.rb:193:in `fork'
/var/lib/gems/1.8/gems/chef-11.6.0/bin/../lib/chef/client.rb:193:in `run'
/var/lib/gems/1.8/gems/chef-11.6.0/bin/../lib/chef/application.rb:183:in `run_chef_client'
/var/lib/gems/1.8/gems/chef-11.6.0/bin/../lib/chef/application/solo.rb:239:in `run_application'
/var/lib/gems/1.8/gems/chef-11.6.0/bin/../lib/chef/application/solo.rb:231:in `loop'
/var/lib/gems/1.8/gems/chef-11.6.0/bin/../lib/chef/application/solo.rb:231:in `run_application'
/var/lib/gems/1.8/gems/chef-11.6.0/bin/../lib/chef/application.rb:66:in `run'
/var/lib/gems/1.8/gems/chef-11.6.0/bin/chef-solo:25
/usr/local/bin/chef-solo:19:in `load'
/usr/local/bin/chef-solo:19